Arguments: 
  /home/simthefool/.nvm/versions/node/v16.13.1/bin/node /home/simthefool/.yvm/versions/v1.22.18/bin/yarn.js test:all

PATH: 
  /var/www/html/FellSeal-Builder/builder/node_modules/.bin:/tmp/yarn--1664634389694-0.2613587738621954:/var/www/html/FellSeal-Builder/builder/node_modules/.bin:/home/simthefool/.config/yarn/link/node_modules/.bin:/var/www/html/FellSeal-Builder/node_modules/.bin:/home/simthefool/.nvm/versions/node/v16.13.1/libexec/lib/node_modules/npm/bin/node-gyp-bin:/home/simthefool/.nvm/versions/node/v16.13.1/lib/node_modules/npm/bin/node-gyp-bin:/home/simthefool/.nvm/versions/node/v16.13.1/bin/node_modules/npm/bin/node-gyp-bin:/home/simthefool/.yvm/shim:/home/simthefool/.yarn/bin:/home/simthefool/.config/yarn/global/node_modules/.bin:/home/simthefool/.jbang/bin:/home/simthefool/.nvm/versions/node/v16.13.1/bin:/home/simthefool/.nvm/:/usr/local/sbin:/usr/local/bin:/usr/sbin:/usr/bin:/sbin:/bin:/usr/games:/usr/local/games:/snap/bin:/opt/mssql-tools/bin:/opt/mssql-tools/bin:/opt/mssql-tools/bin

Yarn version: 
  1.22.18

Node version: 
  16.13.1

Platform: 
  linux x64

Trace: 
  Error: package.json: EIO: i/o error, write
      at writeSync (node:fs:884:3)
      at SyncWriteStream._write (node:internal/fs/sync_write_stream:25:3)
      at writeOrBuffer (node:internal/streams/writable:389:12)
      at _write (node:internal/streams/writable:330:10)
      at SyncWriteStream.Writable.write (node:internal/streams/writable:334:10)
      at ConsoleReporter.warn (/home/simthefool/.yvm/versions/v1.22.18/lib/cli.js:92848:17)
      at warn (/home/simthefool/.yvm/versions/v1.22.18/lib/cli.js:51318:23)
      at module.exports.exports.default (/home/simthefool/.yvm/versions/v1.22.18/lib/cli.js:37401:7)
      at /home/simthefool/.yvm/versions/v1.22.18/lib/cli.js:51329:51
      at Generator.next (<anonymous>)

npm manifest: 
  {
    "name": "builder",
    "type": "module",
    "version": "1.0.0",
    "scripts": {
      "build:test": "yarn tsc --project tsconfig.test.json",
      "test:all": "yarn build:test && yarn ava --watch ./**/*.spec.js",
      "test:watch-all": "nodemon --watch 'src/**/*.ts' -e ts --exec 'yarn test:all'"
    },
    "dependencies": {
      "utils": "*"
    },
    "devDependencies": {
      "@types/node": "^18.7.23",
      "ava": "^4.3.3",
      "nodemon": "^2.0.20",
      "typescript": "^4.8.4"
    }
  }

yarn manifest: 
  No manifest

Lockfile: 
  No lockfile
